00:10:44.651 [Worker-5] INFO  o.a.AndroidAnnotationProcessor:85 - Initialize AndroidAnnotations 3.0.1 with options {phase=BUILD}
00:10:49.487 [Worker-5] INFO  o.a.AndroidAnnotationProcessor:109 - Start processing for 4 annotations on 106 elements
00:10:49.908 [Worker-5] DEBUG o.a.h.AndroidManifestFinder:137 - AndroidManifest.xml file found in parent folder C:\Users\Niamh\git\Movie-Manager: C:\Users\Niamh\git\Movie-Manager\AndroidManifest.xml
00:10:49.939 [Worker-5] INFO  o.a.AndroidAnnotationProcessor:172 - AndroidManifest.xml found: AndroidManifest [applicationPackage=ie.simo.movies, componentQualifiedNames=[ie.simo.movies.activities.StartActivity, ie.simo.movies.activities.Production, ie.simo.movies.activities.Preferences, ie.simo.movies.activities.MakeFilmActivity, ie.simo.movies.activities.GetDirector, ie.simo.movies.activities.AllTimeBoxOffice, ie.simo.movies.activities.OwnFilmActivity, ie.simo.movies.activities.PitchFilm, ie.simo.movies.activities.Result, ie.simo.movies.activities.GetActor_, ie.simo.movies.activities.SetContent, ie.simo.movies.activities.BoxOffice, ie.simo.movies.activities.PersonalBest, ie.simo.movies.activities.ContinueGameActivity, ie.simo.movies.activities.SpecialEffects, ie.simo.movies.activities.PlotSummary, ie.simo.movies.activities.OscarsActivity], permissionQualifiedNames=[], applicationClassName=null, libraryProject=false, debugabble=false, minSdkVersion=7, maxSdkVersion=-1, targetSdkVersion=12]
00:10:49.955 [Worker-5] INFO  o.a.r.ProjectRClassFinder:50 - Found project R class: ie.simo.movies.R
00:10:50.79 [Worker-5] INFO  o.a.r.AndroidRClassFinder:44 - Found Android class: android.R
00:10:50.547 [Worker-5] INFO  o.a.p.ModelValidator:42 - Validating elements
00:10:50.547 [Worker-5] DEBUG o.a.p.ModelValidator:62 - Validating with EActivityHandler: [ie.simo.movies.activities.GetActor]
00:10:50.594 [Worker-5] DEBUG o.a.p.ModelValidator:62 - Validating with ViewByIdHandler: [compName, addActor, price, view, chosen, budgetView, produceFilm, spinner]
00:10:50.594 [Worker-5] ERROR o.a.h.AnnotationHelper:110 - @org.androidannotations.annotations.ViewById cannot be used on a private element
00:10:50.594 [Worker-5] WARN  o.a.p.ModelValidator:69 - Element ViewByIdHandler unvalidated by 
00:10:50.594 [Worker-5] ERROR o.a.h.AnnotationHelper:110 - @org.androidannotations.annotations.ViewById cannot be used on a private element
00:10:50.594 [Worker-5] WARN  o.a.p.ModelValidator:69 - Element ViewByIdHandler unvalidated by 
00:10:50.610 [Worker-5] ERROR o.a.h.AnnotationHelper:110 - @org.androidannotations.annotations.ViewById cannot be used on a private element
00:10:50.610 [Worker-5] WARN  o.a.p.ModelValidator:69 - Element ViewByIdHandler unvalidated by 
00:10:50.610 [Worker-5] ERROR o.a.h.AnnotationHelper:110 - @org.androidannotations.annotations.ViewById cannot be used on a private element
00:10:50.610 [Worker-5] WARN  o.a.p.ModelValidator:69 - Element ViewByIdHandler unvalidated by 
00:10:50.610 [Worker-5] ERROR o.a.h.AnnotationHelper:110 - @org.androidannotations.annotations.ViewById cannot be used on a private element
00:10:50.610 [Worker-5] WARN  o.a.p.ModelValidator:69 - Element ViewByIdHandler unvalidated by 
00:10:50.610 [Worker-5] ERROR o.a.h.AnnotationHelper:110 - @org.androidannotations.annotations.ViewById cannot be used on a private element
00:10:50.610 [Worker-5] WARN  o.a.p.ModelValidator:69 - Element ViewByIdHandler unvalidated by 
00:10:50.610 [Worker-5] ERROR o.a.h.AnnotationHelper:110 - @org.androidannotations.annotations.ViewById cannot be used on a private element
00:10:50.610 [Worker-5] WARN  o.a.p.ModelValidator:69 - Element ViewByIdHandler unvalidated by 
00:10:50.610 [Worker-5] ERROR o.a.h.AnnotationHelper:110 - @org.androidannotations.annotations.ViewById cannot be used on a private element
00:10:50.610 [Worker-5] WARN  o.a.p.ModelValidator:69 - Element ViewByIdHandler unvalidated by 
00:10:50.610 [Worker-5] DEBUG o.a.p.ModelValidator:62 - Validating with ClickHandler: [public void produceFilm() , private void clickListener() ]
00:10:50.625 [Worker-5] ERROR o.a.h.AnnotationHelper:110 - @org.androidannotations.annotations.Click cannot be used on a private element
00:10:50.625 [Worker-5] WARN  o.a.p.ModelValidator:69 - Element ClickHandler unvalidated by 
00:10:50.625 [Worker-5] DEBUG o.a.p.ModelValidator:62 - Validating with AfterViewsHandler: [public void onCreate() ]
00:10:51.16 [Worker-5] INFO  o.a.p.ModelProcessor:73 - Processing root elements
00:10:51.16 [Worker-5] DEBUG o.a.p.ModelProcessor:80 - Processing root elements EActivityHandler: [ie.simo.movies.activities.GetActor]
00:10:51.250 [Worker-5] INFO  o.a.p.ModelProcessor:104 - Processing enclosed elements
00:10:51.250 [Worker-5] INFO  o.a.AndroidAnnotationProcessor:251 - Number of files generated by AndroidAnnotations: 1
00:10:51.265 [Worker-5] INFO  o.a.g.ApiCodeGenerator:52 - Writting following API classes in project: []
00:10:51.374 [Worker-5] DEBUG o.a.g.SourceCodewriter:55 - Generating class: ie.simo.movies.activities.GetActor_
00:10:51.718 [Worker-5] INFO  o.a.p.TimeStats:81 - Time measurements: [Whole Processing = 2231 ms], [Process Annotations = 625 ms], [Find R Classes = 514 ms], [Generate Sources = 468 ms], [Extract Annotations = 390 ms], [Validate Annotations = 78 ms], [Extract Manifest = 62 ms], 
00:10:51.718 [Worker-5] INFO  o.a.AndroidAnnotationProcessor:123 - Finish processing
00:22:18.94 [Worker-3] INFO  o.a.AndroidAnnotationProcessor:85 - Initialize AndroidAnnotations 3.0.1 with options {phase=BUILD}
00:22:18.734 [Worker-3] INFO  o.a.AndroidAnnotationProcessor:109 - Start processing for 4 annotations on 106 elements
00:22:19.108 [Worker-3] DEBUG o.a.h.AndroidManifestFinder:137 - AndroidManifest.xml file found in parent folder C:\Users\Niamh\git\Movie-Manager: C:\Users\Niamh\git\Movie-Manager\AndroidManifest.xml
00:22:19.124 [Worker-3] INFO  o.a.AndroidAnnotationProcessor:172 - AndroidManifest.xml found: AndroidManifest [applicationPackage=ie.simo.movies, componentQualifiedNames=[ie.simo.movies.activities.StartActivity, ie.simo.movies.activities.Production, ie.simo.movies.activities.Preferences, ie.simo.movies.activities.MakeFilmActivity, ie.simo.movies.activities.GetDirector, ie.simo.movies.activities.AllTimeBoxOffice, ie.simo.movies.activities.OwnFilmActivity, ie.simo.movies.activities.PitchFilm, ie.simo.movies.activities.Result, ie.simo.movies.activities.GetActor_, ie.simo.movies.activities.SetContent, ie.simo.movies.activities.BoxOffice, ie.simo.movies.activities.PersonalBest, ie.simo.movies.activities.ContinueGameActivity, ie.simo.movies.activities.SpecialEffects, ie.simo.movies.activities.PlotSummary, ie.simo.movies.activities.OscarsActivity], permissionQualifiedNames=[], applicationClassName=null, libraryProject=false, debugabble=false, minSdkVersion=7, maxSdkVersion=-1, targetSdkVersion=12]
00:22:19.124 [Worker-3] INFO  o.a.r.ProjectRClassFinder:50 - Found project R class: ie.simo.movies.R
00:22:19.202 [Worker-3] INFO  o.a.r.AndroidRClassFinder:44 - Found Android class: android.R
00:22:19.217 [Worker-3] INFO  o.a.p.ModelValidator:42 - Validating elements
00:22:19.217 [Worker-3] DEBUG o.a.p.ModelValidator:62 - Validating with EActivityHandler: [ie.simo.movies.activities.GetActor]
00:22:19.217 [Worker-3] DEBUG o.a.p.ModelValidator:62 - Validating with ViewByIdHandler: [price, budgetView, chosen, addActor, compName, spinner, produceFilm, view]
00:22:19.217 [Worker-3] ERROR o.a.h.AnnotationHelper:110 - @org.androidannotations.annotations.ViewById cannot be used on a private element
00:22:19.217 [Worker-3] WARN  o.a.p.ModelValidator:69 - Element ViewByIdHandler unvalidated by 
00:22:19.217 [Worker-3] ERROR o.a.h.AnnotationHelper:110 - @org.androidannotations.annotations.ViewById cannot be used on a private element
00:22:19.217 [Worker-3] WARN  o.a.p.ModelValidator:69 - Element ViewByIdHandler unvalidated by 
00:22:19.217 [Worker-3] ERROR o.a.h.AnnotationHelper:110 - @org.androidannotations.annotations.ViewById cannot be used on a private element
00:22:19.217 [Worker-3] WARN  o.a.p.ModelValidator:69 - Element ViewByIdHandler unvalidated by 
00:22:19.217 [Worker-3] ERROR o.a.h.AnnotationHelper:110 - @org.androidannotations.annotations.ViewById cannot be used on a private element
00:22:19.217 [Worker-3] WARN  o.a.p.ModelValidator:69 - Element ViewByIdHandler unvalidated by 
00:22:19.217 [Worker-3] ERROR o.a.h.AnnotationHelper:110 - @org.androidannotations.annotations.ViewById cannot be used on a private element
00:22:19.217 [Worker-3] WARN  o.a.p.ModelValidator:69 - Element ViewByIdHandler unvalidated by 
00:22:19.217 [Worker-3] ERROR o.a.h.AnnotationHelper:110 - @org.androidannotations.annotations.ViewById cannot be used on a private element
00:22:19.217 [Worker-3] WARN  o.a.p.ModelValidator:69 - Element ViewByIdHandler unvalidated by 
00:22:19.217 [Worker-3] ERROR o.a.h.AnnotationHelper:110 - @org.androidannotations.annotations.ViewById cannot be used on a private element
00:22:19.217 [Worker-3] WARN  o.a.p.ModelValidator:69 - Element ViewByIdHandler unvalidated by 
00:22:19.233 [Worker-3] ERROR o.a.h.AnnotationHelper:110 - @org.androidannotations.annotations.ViewById cannot be used on a private element
00:22:19.233 [Worker-3] WARN  o.a.p.ModelValidator:69 - Element ViewByIdHandler unvalidated by 
00:22:19.233 [Worker-3] DEBUG o.a.p.ModelValidator:62 - Validating with ClickHandler: [public void produceFilm() , private void clickListener() ]
00:22:19.233 [Worker-3] ERROR o.a.h.AnnotationHelper:110 - @org.androidannotations.annotations.Click cannot be used on a private element
00:22:19.233 [Worker-3] WARN  o.a.p.ModelValidator:69 - Element ClickHandler unvalidated by 
00:22:19.233 [Worker-3] DEBUG o.a.p.ModelValidator:62 - Validating with AfterViewsHandler: [public void onCreate() ]
00:22:19.436 [Worker-3] INFO  o.a.p.ModelProcessor:73 - Processing root elements
00:22:19.436 [Worker-3] DEBUG o.a.p.ModelProcessor:80 - Processing root elements EActivityHandler: [ie.simo.movies.activities.GetActor]
00:22:19.436 [Worker-3] INFO  o.a.p.ModelProcessor:104 - Processing enclosed elements
00:22:19.436 [Worker-3] INFO  o.a.AndroidAnnotationProcessor:251 - Number of files generated by AndroidAnnotations: 1
00:22:19.451 [Worker-3] INFO  o.a.g.ApiCodeGenerator:52 - Writting following API classes in project: []
00:22:19.451 [Worker-3] DEBUG o.a.g.SourceCodewriter:55 - Generating class: ie.simo.movies.activities.GetActor_
00:22:19.592 [Worker-3] INFO  o.a.p.TimeStats:81 - Time measurements: [Whole Processing = 858 ms], [Extract Annotations = 374 ms], [Validate Annotations = 219 ms], [Generate Sources = 156 ms], [Find R Classes = 93 ms], [Extract Manifest = 16 ms], [Process Annotations = 0 ms], 
00:22:19.592 [Worker-3] INFO  o.a.AndroidAnnotationProcessor:123 - Finish processing
00:26:28.774 [Worker-12] INFO  o.a.AndroidAnnotationProcessor:85 - Initialize AndroidAnnotations 3.0.1 with options {phase=BUILD}
00:26:28.777 [Worker-12] INFO  o.a.AndroidAnnotationProcessor:109 - Start processing for 4 annotations on 2 elements
00:26:28.812 [Worker-12] DEBUG o.a.h.AndroidManifestFinder:137 - AndroidManifest.xml file found in parent folder C:\Users\Niamh\git\Movie-Manager: C:\Users\Niamh\git\Movie-Manager\AndroidManifest.xml
00:26:28.850 [Worker-12] INFO  o.a.AndroidAnnotationProcessor:172 - AndroidManifest.xml found: AndroidManifest [applicationPackage=ie.simo.movies, componentQualifiedNames=[ie.simo.movies.activities.StartActivity, ie.simo.movies.activities.Production, ie.simo.movies.activities.Preferences, ie.simo.movies.activities.MakeFilmActivity, ie.simo.movies.activities.GetDirector, ie.simo.movies.activities.AllTimeBoxOffice, ie.simo.movies.activities.OwnFilmActivity, ie.simo.movies.activities.PitchFilm, ie.simo.movies.activities.Result, ie.simo.movies.activities.GetActor_, ie.simo.movies.activities.SetContent, ie.simo.movies.activities.BoxOffice, ie.simo.movies.activities.PersonalBest, ie.simo.movies.activities.ContinueGameActivity, ie.simo.movies.activities.SpecialEffects, ie.simo.movies.activities.PlotSummary, ie.simo.movies.activities.OscarsActivity], permissionQualifiedNames=[], applicationClassName=null, libraryProject=false, debugabble=false, minSdkVersion=7, maxSdkVersion=-1, targetSdkVersion=12]
00:26:28.852 [Worker-12] INFO  o.a.r.ProjectRClassFinder:50 - Found project R class: ie.simo.movies.R
00:26:28.858 [Worker-12] INFO  o.a.r.AndroidRClassFinder:44 - Found Android class: android.R
00:26:28.871 [Worker-12] INFO  o.a.p.ModelValidator:42 - Validating elements
00:26:28.873 [Worker-12] DEBUG o.a.p.ModelValidator:62 - Validating with EActivityHandler: [ie.simo.movies.activities.GetActor]
00:26:28.875 [Worker-12] DEBUG o.a.p.ModelValidator:62 - Validating with ViewByIdHandler: [produceFilm, spinner, compName, view, addActor, price, budgetView, chosen]
00:26:28.877 [Worker-12] ERROR o.a.h.AnnotationHelper:110 - @org.androidannotations.annotations.ViewById cannot be used on a private element
00:26:28.878 [Worker-12] WARN  o.a.p.ModelValidator:69 - Element ViewByIdHandler unvalidated by 
00:26:28.881 [Worker-12] ERROR o.a.h.AnnotationHelper:110 - @org.androidannotations.annotations.ViewById cannot be used on a private element
00:26:28.881 [Worker-12] WARN  o.a.p.ModelValidator:69 - Element ViewByIdHandler unvalidated by 
00:26:28.883 [Worker-12] ERROR o.a.h.AnnotationHelper:110 - @org.androidannotations.annotations.ViewById cannot be used on a private element
00:26:28.883 [Worker-12] WARN  o.a.p.ModelValidator:69 - Element ViewByIdHandler unvalidated by 
00:26:28.884 [Worker-12] ERROR o.a.h.AnnotationHelper:110 - @org.androidannotations.annotations.ViewById cannot be used on a private element
00:26:28.884 [Worker-12] WARN  o.a.p.ModelValidator:69 - Element ViewByIdHandler unvalidated by 
00:26:28.885 [Worker-12] ERROR o.a.h.AnnotationHelper:110 - @org.androidannotations.annotations.ViewById cannot be used on a private element
00:26:28.885 [Worker-12] WARN  o.a.p.ModelValidator:69 - Element ViewByIdHandler unvalidated by 
00:26:28.886 [Worker-12] ERROR o.a.h.AnnotationHelper:110 - @org.androidannotations.annotations.ViewById cannot be used on a private element
00:26:28.886 [Worker-12] WARN  o.a.p.ModelValidator:69 - Element ViewByIdHandler unvalidated by 
00:26:28.888 [Worker-12] ERROR o.a.h.AnnotationHelper:110 - @org.androidannotations.annotations.ViewById cannot be used on a private element
00:26:28.889 [Worker-12] WARN  o.a.p.ModelValidator:69 - Element ViewByIdHandler unvalidated by 
00:26:28.889 [Worker-12] DEBUG o.a.p.ModelValidator:62 - Validating with ClickHandler: [public void produceFilm() , private void clickListener() ]
00:26:28.890 [Worker-12] ERROR o.a.h.AnnotationHelper:110 - @org.androidannotations.annotations.Click cannot be used on a private element
00:26:28.891 [Worker-12] WARN  o.a.p.ModelValidator:69 - Element ClickHandler unvalidated by 
00:26:28.892 [Worker-12] DEBUG o.a.p.ModelValidator:62 - Validating with AfterViewsHandler: [public void onCreate() ]
00:26:28.893 [Worker-12] INFO  o.a.p.ModelProcessor:73 - Processing root elements
00:26:28.895 [Worker-12] DEBUG o.a.p.ModelProcessor:80 - Processing root elements EActivityHandler: [ie.simo.movies.activities.GetActor]
00:26:28.901 [Worker-12] INFO  o.a.p.ModelProcessor:104 - Processing enclosed elements
00:26:28.903 [Worker-12] INFO  o.a.AndroidAnnotationProcessor:251 - Number of files generated by AndroidAnnotations: 1
00:26:28.904 [Worker-12] INFO  o.a.g.ApiCodeGenerator:52 - Writting following API classes in project: []
00:26:28.905 [Worker-12] DEBUG o.a.g.SourceCodewriter:55 - Generating class: ie.simo.movies.activities.GetActor_
00:26:30.71 [Worker-12] INFO  o.a.p.TimeStats:81 - Time measurements: [Whole Processing = 1294 ms], [Generate Sources = 1168 ms], [Extract Manifest = 38 ms], [Extract Annotations = 34 ms], [Validate Annotations = 22 ms], [Find R Classes = 19 ms], [Process Annotations = 10 ms], 
00:26:30.73 [Worker-12] INFO  o.a.AndroidAnnotationProcessor:123 - Finish processing
00:26:40.567 [Worker-22] INFO  o.a.AndroidAnnotationProcessor:85 - Initialize AndroidAnnotations 3.0.1 with options {phase=BUILD}
00:26:40.570 [Worker-22] INFO  o.a.AndroidAnnotationProcessor:109 - Start processing for 4 annotations on 2 elements
00:26:40.592 [Worker-22] DEBUG o.a.h.AndroidManifestFinder:137 - AndroidManifest.xml file found in parent folder C:\Users\Niamh\git\Movie-Manager: C:\Users\Niamh\git\Movie-Manager\AndroidManifest.xml
00:26:40.607 [Worker-22] INFO  o.a.AndroidAnnotationProcessor:172 - AndroidManifest.xml found: AndroidManifest [applicationPackage=ie.simo.movies, componentQualifiedNames=[ie.simo.movies.activities.StartActivity, ie.simo.movies.activities.Production, ie.simo.movies.activities.Preferences, ie.simo.movies.activities.MakeFilmActivity, ie.simo.movies.activities.GetDirector, ie.simo.movies.activities.AllTimeBoxOffice, ie.simo.movies.activities.OwnFilmActivity, ie.simo.movies.activities.PitchFilm, ie.simo.movies.activities.Result, ie.simo.movies.activities.GetActor_, ie.simo.movies.activities.SetContent, ie.simo.movies.activities.BoxOffice, ie.simo.movies.activities.PersonalBest, ie.simo.movies.activities.ContinueGameActivity, ie.simo.movies.activities.SpecialEffects, ie.simo.movies.activities.PlotSummary, ie.simo.movies.activities.OscarsActivity], permissionQualifiedNames=[], applicationClassName=null, libraryProject=false, debugabble=false, minSdkVersion=7, maxSdkVersion=-1, targetSdkVersion=12]
00:26:40.608 [Worker-22] INFO  o.a.r.ProjectRClassFinder:50 - Found project R class: ie.simo.movies.R
00:26:40.614 [Worker-22] INFO  o.a.r.AndroidRClassFinder:44 - Found Android class: android.R
00:26:40.643 [Worker-22] INFO  o.a.p.ModelValidator:42 - Validating elements
00:26:40.644 [Worker-22] DEBUG o.a.p.ModelValidator:62 - Validating with EActivityHandler: [ie.simo.movies.activities.GetActor]
00:26:40.646 [Worker-22] DEBUG o.a.p.ModelValidator:62 - Validating with ViewByIdHandler: [spinner, compName, addActor, view, budgetView, produceFilm, chosen, price]
00:26:40.649 [Worker-22] ERROR o.a.h.AnnotationHelper:110 - @org.androidannotations.annotations.ViewById cannot be used on a private element
00:26:40.649 [Worker-22] WARN  o.a.p.ModelValidator:69 - Element ViewByIdHandler unvalidated by 
00:26:40.650 [Worker-22] ERROR o.a.h.AnnotationHelper:110 - @org.androidannotations.annotations.ViewById cannot be used on a private element
00:26:40.651 [Worker-22] WARN  o.a.p.ModelValidator:69 - Element ViewByIdHandler unvalidated by 
00:26:40.651 [Worker-22] ERROR o.a.h.AnnotationHelper:110 - @org.androidannotations.annotations.ViewById cannot be used on a private element
00:26:40.652 [Worker-22] WARN  o.a.p.ModelValidator:69 - Element ViewByIdHandler unvalidated by 
00:26:40.652 [Worker-22] ERROR o.a.h.AnnotationHelper:110 - @org.androidannotations.annotations.ViewById cannot be used on a private element
00:26:40.652 [Worker-22] WARN  o.a.p.ModelValidator:69 - Element ViewByIdHandler unvalidated by 
00:26:40.653 [Worker-22] ERROR o.a.h.AnnotationHelper:110 - @org.androidannotations.annotations.ViewById cannot be used on a private element
00:26:40.653 [Worker-22] WARN  o.a.p.ModelValidator:69 - Element ViewByIdHandler unvalidated by 
00:26:40.654 [Worker-22] ERROR o.a.h.AnnotationHelper:110 - @org.androidannotations.annotations.ViewById cannot be used on a private element
00:26:40.654 [Worker-22] WARN  o.a.p.ModelValidator:69 - Element ViewByIdHandler unvalidated by 
00:26:40.655 [Worker-22] DEBUG o.a.p.ModelValidator:62 - Validating with ClickHandler: [private void clickListener() , public void produceFilm() ]
00:26:40.656 [Worker-22] ERROR o.a.h.AnnotationHelper:110 - @org.androidannotations.annotations.Click cannot be used on a private element
00:26:40.656 [Worker-22] WARN  o.a.p.ModelValidator:69 - Element ClickHandler unvalidated by 
00:26:40.657 [Worker-22] DEBUG o.a.p.ModelValidator:62 - Validating with AfterViewsHandler: [public void onCreate() ]
00:26:40.659 [Worker-22] INFO  o.a.p.ModelProcessor:73 - Processing root elements
00:26:40.660 [Worker-22] DEBUG o.a.p.ModelProcessor:80 - Processing root elements EActivityHandler: [ie.simo.movies.activities.GetActor]
00:26:40.666 [Worker-22] INFO  o.a.p.ModelProcessor:104 - Processing enclosed elements
00:26:40.668 [Worker-22] INFO  o.a.AndroidAnnotationProcessor:251 - Number of files generated by AndroidAnnotations: 1
00:26:40.669 [Worker-22] INFO  o.a.g.ApiCodeGenerator:52 - Writting following API classes in project: []
00:26:40.670 [Worker-22] DEBUG o.a.g.SourceCodewriter:55 - Generating class: ie.simo.movies.activities.GetActor_
00:26:40.787 [Worker-22] INFO  o.a.p.TimeStats:81 - Time measurements: [Whole Processing = 217 ms], [Generate Sources = 119 ms], [Find R Classes = 35 ms], [Validate Annotations = 16 ms], [Extract Manifest = 15 ms], [Extract Annotations = 13 ms], [Process Annotations = 9 ms], 
00:26:40.789 [Worker-22] INFO  o.a.AndroidAnnotationProcessor:123 - Finish processing
00:27:33.299 [Worker-25] INFO  o.a.AndroidAnnotationProcessor:85 - Initialize AndroidAnnotations 3.0.1 with options {phase=BUILD}
00:27:33.302 [Worker-25] INFO  o.a.AndroidAnnotationProcessor:109 - Start processing for 4 annotations on 2 elements
00:27:33.315 [Worker-25] DEBUG o.a.h.AndroidManifestFinder:137 - AndroidManifest.xml file found in parent folder C:\Users\Niamh\git\Movie-Manager: C:\Users\Niamh\git\Movie-Manager\AndroidManifest.xml
00:27:33.330 [Worker-25] INFO  o.a.AndroidAnnotationProcessor:172 - AndroidManifest.xml found: AndroidManifest [applicationPackage=ie.simo.movies, componentQualifiedNames=[ie.simo.movies.activities.StartActivity, ie.simo.movies.activities.Production, ie.simo.movies.activities.Preferences, ie.simo.movies.activities.MakeFilmActivity, ie.simo.movies.activities.GetDirector, ie.simo.movies.activities.AllTimeBoxOffice, ie.simo.movies.activities.OwnFilmActivity, ie.simo.movies.activities.PitchFilm, ie.simo.movies.activities.Result, ie.simo.movies.activities.GetActor_, ie.simo.movies.activities.SetContent, ie.simo.movies.activities.BoxOffice, ie.simo.movies.activities.PersonalBest, ie.simo.movies.activities.ContinueGameActivity, ie.simo.movies.activities.SpecialEffects, ie.simo.movies.activities.PlotSummary, ie.simo.movies.activities.OscarsActivity], permissionQualifiedNames=[], applicationClassName=null, libraryProject=false, debugabble=false, minSdkVersion=7, maxSdkVersion=-1, targetSdkVersion=12]
00:27:33.332 [Worker-25] INFO  o.a.r.ProjectRClassFinder:50 - Found project R class: ie.simo.movies.R
00:27:33.376 [Worker-25] INFO  o.a.r.AndroidRClassFinder:44 - Found Android class: android.R
00:27:33.387 [Worker-25] INFO  o.a.p.ModelValidator:42 - Validating elements
00:27:33.389 [Worker-25] DEBUG o.a.p.ModelValidator:62 - Validating with EActivityHandler: [ie.simo.movies.activities.GetActor]
00:27:33.391 [Worker-25] DEBUG o.a.p.ModelValidator:62 - Validating with ViewByIdHandler: [budgetView, price, produceFilm, chosen, compName, spinner, view, addActor]
00:27:33.395 [Worker-25] DEBUG o.a.p.ModelValidator:62 - Validating with ClickHandler: [protected void clickListener() , public void produceFilm() ]
00:27:33.438 [Worker-25] DEBUG o.a.p.ModelValidator:62 - Validating with AfterViewsHandler: [public void onCreate() ]
00:27:33.440 [Worker-25] INFO  o.a.p.ModelProcessor:73 - Processing root elements
00:27:33.442 [Worker-25] DEBUG o.a.p.ModelProcessor:80 - Processing root elements EActivityHandler: [ie.simo.movies.activities.GetActor]
00:27:33.448 [Worker-25] INFO  o.a.p.ModelProcessor:104 - Processing enclosed elements
00:27:33.453 [Worker-25] INFO  o.a.AndroidAnnotationProcessor:251 - Number of files generated by AndroidAnnotations: 1
00:27:33.455 [Worker-25] INFO  o.a.g.ApiCodeGenerator:52 - Writting following API classes in project: []
00:27:33.458 [Worker-25] DEBUG o.a.g.SourceCodewriter:55 - Generating class: ie.simo.movies.activities.GetActor_
00:27:33.481 [Worker-25] INFO  o.a.p.TimeStats:81 - Time measurements: [Whole Processing = 179 ms], [Find R Classes = 55 ms], [Validate Annotations = 53 ms], [Generate Sources = 28 ms], [Extract Manifest = 15 ms], [Process Annotations = 13 ms], [Extract Annotations = 11 ms], 
00:27:33.483 [Worker-25] INFO  o.a.AndroidAnnotationProcessor:123 - Finish processing
00:30:00.4 [Worker-19] INFO  o.a.AndroidAnnotationProcessor:85 - Initialize AndroidAnnotations 3.0.1 with options {phase=BUILD}
00:30:46.823 [Worker-21] INFO  o.a.AndroidAnnotationProcessor:85 - Initialize AndroidAnnotations 3.0.1 with options {phase=BUILD}
00:30:46.827 [Worker-21] INFO  o.a.AndroidAnnotationProcessor:109 - Start processing for 1 annotations on 2 elements
00:30:46.843 [Worker-21] DEBUG o.a.h.AndroidManifestFinder:137 - AndroidManifest.xml file found in parent folder C:\Users\Niamh\git\Movie-Manager: C:\Users\Niamh\git\Movie-Manager\AndroidManifest.xml
00:30:46.861 [Worker-21] INFO  o.a.AndroidAnnotationProcessor:172 - AndroidManifest.xml found: AndroidManifest [applicationPackage=ie.simo.movies, componentQualifiedNames=[ie.simo.movies.activities.StartActivity, ie.simo.movies.activities.Production, ie.simo.movies.activities.Preferences, ie.simo.movies.activities.MakeFilmActivity, ie.simo.movies.activities.GetDirector, ie.simo.movies.activities.AllTimeBoxOffice, ie.simo.movies.activities.OwnFilmActivity, ie.simo.movies.activities.PitchFilm, ie.simo.movies.activities.Result, ie.simo.movies.activities.GetActor_, ie.simo.movies.activities.SetContent, ie.simo.movies.activities.BoxOffice, ie.simo.movies.activities.PersonalBest, ie.simo.movies.activities.ContinueGameActivity, ie.simo.movies.activities.SpecialEffects, ie.simo.movies.activities.PlotSummary, ie.simo.movies.activities.OscarsActivity], permissionQualifiedNames=[], applicationClassName=null, libraryProject=false, debugabble=false, minSdkVersion=7, maxSdkVersion=-1, targetSdkVersion=12]
00:30:46.862 [Worker-21] INFO  o.a.r.ProjectRClassFinder:50 - Found project R class: ie.simo.movies.R
00:30:46.867 [Worker-21] INFO  o.a.r.AndroidRClassFinder:44 - Found Android class: android.R
00:30:46.878 [Worker-21] INFO  o.a.p.ModelValidator:42 - Validating elements
00:30:46.880 [Worker-21] DEBUG o.a.p.ModelValidator:62 - Validating with EActivityHandler: [ie.simo.movies.activities.StartActivity]
00:30:46.882 [Worker-21] ERROR o.a.h.AnnotationHelper:110 - The AndroidManifest.xml file contains the original component, and not the AndroidAnnotations generated component. Please register StartActivity_ instead of StartActivity
00:30:46.882 [Worker-21] WARN  o.a.p.ModelValidator:69 - Element EActivityHandler unvalidated by 
00:30:46.883 [Worker-21] INFO  o.a.p.ModelProcessor:73 - Processing root elements
00:30:46.885 [Worker-21] INFO  o.a.p.ModelProcessor:104 - Processing enclosed elements
00:30:46.886 [Worker-21] INFO  o.a.AndroidAnnotationProcessor:251 - Number of files generated by AndroidAnnotations: 0
00:30:46.887 [Worker-21] INFO  o.a.g.ApiCodeGenerator:52 - Writting following API classes in project: []
00:30:46.888 [Worker-21] INFO  o.a.p.TimeStats:81 - Time measurements: [Whole Processing = 61 ms], [Extract Manifest = 18 ms], [Find R Classes = 16 ms], [Extract Annotations = 15 ms], [Validate Annotations = 5 ms], [Process Annotations = 3 ms], [Generate Sources = 2 ms], 
00:30:46.890 [Worker-21] INFO  o.a.AndroidAnnotationProcessor:123 - Finish processing
00:31:33.838 [Worker-21] INFO  o.a.AndroidAnnotationProcessor:85 - Initialize AndroidAnnotations 3.0.1 with options {phase=BUILD}
00:31:33.841 [Worker-21] INFO  o.a.AndroidAnnotationProcessor:109 - Start processing for 1 annotations on 2 elements
00:31:34.6 [Worker-21] DEBUG o.a.h.AndroidManifestFinder:137 - AndroidManifest.xml file found in parent folder C:\Users\Niamh\git\Movie-Manager: C:\Users\Niamh\git\Movie-Manager\AndroidManifest.xml
00:31:34.20 [Worker-21] INFO  o.a.AndroidAnnotationProcessor:172 - AndroidManifest.xml found: AndroidManifest [applicationPackage=ie.simo.movies, componentQualifiedNames=[ie.simo.movies.activities.StartActivity, ie.simo.movies.activities.Production, ie.simo.movies.activities.Preferences, ie.simo.movies.activities.MakeFilmActivity, ie.simo.movies.activities.GetDirector, ie.simo.movies.activities.AllTimeBoxOffice, ie.simo.movies.activities.OwnFilmActivity, ie.simo.movies.activities.PitchFilm, ie.simo.movies.activities.Result, ie.simo.movies.activities.GetActor_, ie.simo.movies.activities.SetContent, ie.simo.movies.activities.BoxOffice, ie.simo.movies.activities.PersonalBest, ie.simo.movies.activities.ContinueGameActivity, ie.simo.movies.activities.SpecialEffects, ie.simo.movies.activities.PlotSummary, ie.simo.movies.activities.OscarsActivity], permissionQualifiedNames=[], applicationClassName=null, libraryProject=false, debugabble=false, minSdkVersion=7, maxSdkVersion=-1, targetSdkVersion=12]
00:31:34.21 [Worker-21] INFO  o.a.r.ProjectRClassFinder:50 - Found project R class: ie.simo.movies.R
00:31:34.26 [Worker-21] INFO  o.a.r.AndroidRClassFinder:44 - Found Android class: android.R
00:31:34.45 [Worker-21] INFO  o.a.p.ModelValidator:42 - Validating elements
00:31:34.47 [Worker-21] DEBUG o.a.p.ModelValidator:62 - Validating with EActivityHandler: [ie.simo.movies.activities.StartActivity]
00:31:34.49 [Worker-21] ERROR o.a.h.AnnotationHelper:110 - The AndroidManifest.xml file contains the original component, and not the AndroidAnnotations generated component. Please register StartActivity_ instead of StartActivity
00:31:34.50 [Worker-21] WARN  o.a.p.ModelValidator:69 - Element EActivityHandler unvalidated by 
00:31:34.50 [Worker-21] INFO  o.a.p.ModelProcessor:73 - Processing root elements
00:31:34.52 [Worker-21] INFO  o.a.p.ModelProcessor:104 - Processing enclosed elements
00:31:34.54 [Worker-21] INFO  o.a.AndroidAnnotationProcessor:251 - Number of files generated by AndroidAnnotations: 0
00:31:34.55 [Worker-21] INFO  o.a.g.ApiCodeGenerator:52 - Writting following API classes in project: []
00:31:34.57 [Worker-21] INFO  o.a.p.TimeStats:81 - Time measurements: [Whole Processing = 216 ms], [Extract Annotations = 163 ms], [Find R Classes = 24 ms], [Extract Manifest = 14 ms], [Validate Annotations = 5 ms], [Process Annotations = 4 ms], [Generate Sources = 3 ms], 
00:31:34.58 [Worker-21] INFO  o.a.AndroidAnnotationProcessor:123 - Finish processing
00:33:27.636 [Worker-25] INFO  o.a.AndroidAnnotationProcessor:85 - Initialize AndroidAnnotations 3.0.1 with options {phase=BUILD}
00:33:57.703 [Worker-20] INFO  o.a.AndroidAnnotationProcessor:85 - Initialize AndroidAnnotations 3.0.1 with options {phase=BUILD}
00:33:57.716 [Worker-20] INFO  o.a.AndroidAnnotationProcessor:109 - Start processing for 1 annotations on 2 elements
00:33:57.766 [Worker-20] DEBUG o.a.h.AndroidManifestFinder:137 - AndroidManifest.xml file found in parent folder C:\Users\Niamh\git\Movie-Manager: C:\Users\Niamh\git\Movie-Manager\AndroidManifest.xml
00:33:57.780 [Worker-20] INFO  o.a.AndroidAnnotationProcessor:172 - AndroidManifest.xml found: AndroidManifest [applicationPackage=ie.simo.movies, componentQualifiedNames=[ie.simo.movies.activities.StartActivity_, ie.simo.movies.activities.Production, ie.simo.movies.activities.Preferences, ie.simo.movies.activities.MakeFilmActivity, ie.simo.movies.activities.GetDirector, ie.simo.movies.activities.AllTimeBoxOffice, ie.simo.movies.activities.OwnFilmActivity, ie.simo.movies.activities.PitchFilm, ie.simo.movies.activities.Result, ie.simo.movies.activities.GetActor_, ie.simo.movies.activities.SetContent, ie.simo.movies.activities.BoxOffice, ie.simo.movies.activities.PersonalBest, ie.simo.movies.activities.ContinueGameActivity, ie.simo.movies.activities.SpecialEffects, ie.simo.movies.activities.PlotSummary, ie.simo.movies.activities.OscarsActivity], permissionQualifiedNames=[], applicationClassName=null, libraryProject=false, debugabble=false, minSdkVersion=7, maxSdkVersion=-1, targetSdkVersion=12]
00:33:59.261 [Worker-20] INFO  o.a.r.ProjectRClassFinder:50 - Found project R class: ie.simo.movies.R
00:33:59.350 [Worker-20] INFO  o.a.r.AndroidRClassFinder:44 - Found Android class: android.R
00:33:59.361 [Worker-20] INFO  o.a.p.ModelValidator:42 - Validating elements
00:33:59.362 [Worker-20] DEBUG o.a.p.ModelValidator:62 - Validating with EActivityHandler: [ie.simo.movies.activities.StartActivity]
00:33:59.364 [Worker-20] INFO  o.a.p.ModelProcessor:73 - Processing root elements
00:33:59.365 [Worker-20] DEBUG o.a.p.ModelProcessor:80 - Processing root elements EActivityHandler: [ie.simo.movies.activities.StartActivity]
00:33:59.375 [Worker-20] INFO  o.a.p.ModelProcessor:104 - Processing enclosed elements
00:33:59.376 [Worker-20] INFO  o.a.AndroidAnnotationProcessor:251 - Number of files generated by AndroidAnnotations: 1
00:33:59.377 [Worker-20] INFO  o.a.g.ApiCodeGenerator:52 - Writting following API classes in project: []
00:33:59.379 [Worker-20] DEBUG o.a.g.SourceCodewriter:55 - Generating class: ie.simo.movies.activities.StartActivity_
00:33:59.558 [Worker-20] INFO  o.a.p.TimeStats:81 - Time measurements: [Whole Processing = 1842 ms], [Generate Sources = 182 ms], [Find R Classes = 99 ms], [Extract Annotations = 49 ms], [Extract Manifest = 14 ms], [Process Annotations = 12 ms], [Validate Annotations = 3 ms], 
00:33:59.559 [Worker-20] INFO  o.a.AndroidAnnotationProcessor:123 - Finish processing
00:34:16.35 [Worker-16] INFO  o.a.AndroidAnnotationProcessor:85 - Initialize AndroidAnnotations 3.0.1 with options {phase=BUILD}
00:34:16.40 [Worker-16] INFO  o.a.AndroidAnnotationProcessor:109 - Start processing for 1 annotations on 2 elements
00:34:16.368 [Worker-16] DEBUG o.a.h.AndroidManifestFinder:137 - AndroidManifest.xml file found in parent folder C:\Users\Niamh\git\Movie-Manager: C:\Users\Niamh\git\Movie-Manager\AndroidManifest.xml
00:34:19.364 [Worker-16] INFO  o.a.AndroidAnnotationProcessor:172 - AndroidManifest.xml found: AndroidManifest [applicationPackage=ie.simo.movies, componentQualifiedNames=[ie.simo.movies.activities.StartActivity_, ie.simo.movies.activities.Production, ie.simo.movies.activities.Preferences, ie.simo.movies.activities.MakeFilmActivity, ie.simo.movies.activities.GetDirector, ie.simo.movies.activities.AllTimeBoxOffice, ie.simo.movies.activities.OwnFilmActivity, ie.simo.movies.activities.PitchFilm, ie.simo.movies.activities.Result, ie.simo.movies.activities.GetActor_, ie.simo.movies.activities.SetContent, ie.simo.movies.activities.BoxOffice, ie.simo.movies.activities.PersonalBest, ie.simo.movies.activities.ContinueGameActivity, ie.simo.movies.activities.SpecialEffects, ie.simo.movies.activities.PlotSummary, ie.simo.movies.activities.OscarsActivity], permissionQualifiedNames=[], applicationClassName=null, libraryProject=false, debugabble=false, minSdkVersion=7, maxSdkVersion=-1, targetSdkVersion=12]
00:34:19.366 [Worker-16] INFO  o.a.r.ProjectRClassFinder:50 - Found project R class: ie.simo.movies.R
00:34:19.372 [Worker-16] INFO  o.a.r.AndroidRClassFinder:44 - Found Android class: android.R
00:34:19.384 [Worker-16] INFO  o.a.p.ModelValidator:42 - Validating elements
00:34:19.386 [Worker-16] DEBUG o.a.p.ModelValidator:62 - Validating with EActivityHandler: [ie.simo.movies.activities.StartActivity]
00:34:19.390 [Worker-16] INFO  o.a.p.ModelProcessor:73 - Processing root elements
00:34:19.393 [Worker-16] DEBUG o.a.p.ModelProcessor:80 - Processing root elements EActivityHandler: [ie.simo.movies.activities.StartActivity]
00:34:19.405 [Worker-16] INFO  o.a.p.ModelProcessor:104 - Processing enclosed elements
00:34:19.408 [Worker-16] INFO  o.a.AndroidAnnotationProcessor:251 - Number of files generated by AndroidAnnotations: 1
00:34:19.410 [Worker-16] INFO  o.a.g.ApiCodeGenerator:52 - Writting following API classes in project: []
00:34:19.411 [Worker-16] DEBUG o.a.g.SourceCodewriter:55 - Generating class: ie.simo.movies.activities.StartActivity_
00:34:19.422 [Worker-16] INFO  o.a.p.TimeStats:81 - Time measurements: [Whole Processing = 3382 ms], [Extract Manifest = 2997 ms], [Extract Annotations = 325 ms], [Find R Classes = 18 ms], [Process Annotations = 18 ms], [Generate Sources = 14 ms], [Validate Annotations = 6 ms], 
00:34:19.424 [Worker-16] INFO  o.a.AndroidAnnotationProcessor:123 - Finish processing
00:38:16.629 [Worker-12] INFO  o.a.AndroidAnnotationProcessor:85 - Initialize AndroidAnnotations 3.0.1 with options {phase=BUILD}
00:38:16.632 [Worker-12] INFO  o.a.AndroidAnnotationProcessor:109 - Start processing for 3 annotations on 2 elements
00:38:16.660 [Worker-12] DEBUG o.a.h.AndroidManifestFinder:137 - AndroidManifest.xml file found in parent folder C:\Users\Niamh\git\Movie-Manager: C:\Users\Niamh\git\Movie-Manager\AndroidManifest.xml
00:38:16.674 [Worker-12] INFO  o.a.AndroidAnnotationProcessor:172 - AndroidManifest.xml found: AndroidManifest [applicationPackage=ie.simo.movies, componentQualifiedNames=[ie.simo.movies.activities.StartActivity_, ie.simo.movies.activities.Production, ie.simo.movies.activities.Preferences, ie.simo.movies.activities.MakeFilmActivity, ie.simo.movies.activities.GetDirector, ie.simo.movies.activities.AllTimeBoxOffice, ie.simo.movies.activities.OwnFilmActivity, ie.simo.movies.activities.PitchFilm, ie.simo.movies.activities.Result, ie.simo.movies.activities.GetActor_, ie.simo.movies.activities.SetContent, ie.simo.movies.activities.BoxOffice, ie.simo.movies.activities.PersonalBest, ie.simo.movies.activities.ContinueGameActivity, ie.simo.movies.activities.SpecialEffects, ie.simo.movies.activities.PlotSummary, ie.simo.movies.activities.OscarsActivity], permissionQualifiedNames=[], applicationClassName=null, libraryProject=false, debugabble=false, minSdkVersion=7, maxSdkVersion=-1, targetSdkVersion=12]
00:38:16.676 [Worker-12] INFO  o.a.r.ProjectRClassFinder:50 - Found project R class: ie.simo.movies.R
00:38:16.680 [Worker-12] INFO  o.a.r.AndroidRClassFinder:44 - Found Android class: android.R
00:38:16.686 [Worker-12] INFO  o.a.p.ModelValidator:42 - Validating elements
00:38:16.688 [Worker-12] DEBUG o.a.p.ModelValidator:62 - Validating with EActivityHandler: [ie.simo.movies.activities.StartActivity]
00:38:16.690 [Worker-12] DEBUG o.a.p.ModelValidator:62 - Validating with ViewByIdHandler: [boxOffice, credits, prefs, continueGame, newGame, howToPlay]
00:38:16.694 [Worker-12] DEBUG o.a.p.ModelValidator:62 - Validating with AfterViewsHandler: [public void onCreate() ]
00:38:16.696 [Worker-12] INFO  o.a.p.ModelProcessor:73 - Processing root elements
00:38:16.698 [Worker-12] DEBUG o.a.p.ModelProcessor:80 - Processing root elements EActivityHandler: [ie.simo.movies.activities.StartActivity]
00:38:16.704 [Worker-12] INFO  o.a.p.ModelProcessor:104 - Processing enclosed elements
00:38:16.706 [Worker-12] INFO  o.a.AndroidAnnotationProcessor:251 - Number of files generated by AndroidAnnotations: 1
00:38:16.708 [Worker-12] INFO  o.a.g.ApiCodeGenerator:52 - Writting following API classes in project: []
00:38:16.710 [Worker-12] DEBUG o.a.g.SourceCodewriter:55 - Generating class: ie.simo.movies.activities.StartActivity_
00:38:16.756 [Worker-12] INFO  o.a.p.TimeStats:81 - Time measurements: [Whole Processing = 124 ms], [Generate Sources = 50 ms], [Extract Annotations = 19 ms], [Extract Manifest = 14 ms], [Find R Classes = 10 ms], [Validate Annotations = 10 ms], [Process Annotations = 10 ms], 
00:38:16.757 [Worker-12] INFO  o.a.AndroidAnnotationProcessor:123 - Finish processing
00:42:02.222 [Worker-27] INFO  o.a.AndroidAnnotationProcessor:85 - Initialize AndroidAnnotations 3.0.1 with options {phase=BUILD}
00:42:02.225 [Worker-27] INFO  o.a.AndroidAnnotationProcessor:109 - Start processing for 3 annotations on 1 elements
00:42:02.238 [Worker-27] DEBUG o.a.h.AndroidManifestFinder:137 - AndroidManifest.xml file found in parent folder C:\Users\Niamh\git\Movie-Manager: C:\Users\Niamh\git\Movie-Manager\AndroidManifest.xml
00:42:02.704 [Worker-27] INFO  o.a.AndroidAnnotationProcessor:172 - AndroidManifest.xml found: AndroidManifest [applicationPackage=ie.simo.movies, componentQualifiedNames=[ie.simo.movies.activities.StartActivity_, ie.simo.movies.activities.Production, ie.simo.movies.activities.Preferences, ie.simo.movies.activities.MakeFilmActivity, ie.simo.movies.activities.GetDirector, ie.simo.movies.activities.AllTimeBoxOffice, ie.simo.movies.activities.OwnFilmActivity, ie.simo.movies.activities.PitchFilm, ie.simo.movies.activities.Result, ie.simo.movies.activities.GetActor_, ie.simo.movies.activities.SetContent, ie.simo.movies.activities.BoxOffice, ie.simo.movies.activities.PersonalBest, ie.simo.movies.activities.ContinueGameActivity, ie.simo.movies.activities.SpecialEffects, ie.simo.movies.activities.PlotSummary, ie.simo.movies.activities.OscarsActivity], permissionQualifiedNames=[], applicationClassName=null, libraryProject=false, debugabble=false, minSdkVersion=7, maxSdkVersion=-1, targetSdkVersion=12]
00:42:02.706 [Worker-27] INFO  o.a.r.ProjectRClassFinder:50 - Found project R class: ie.simo.movies.R
00:42:02.712 [Worker-27] INFO  o.a.r.AndroidRClassFinder:44 - Found Android class: android.R
00:42:02.719 [Worker-27] INFO  o.a.p.ModelValidator:42 - Validating elements
00:42:02.721 [Worker-27] DEBUG o.a.p.ModelValidator:62 - Validating with EActivityHandler: [ie.simo.movies.activities.StartActivity]
00:42:02.723 [Worker-27] DEBUG o.a.p.ModelValidator:62 - Validating with ViewByIdHandler: [newGame, continueGame, credits, howToPlay, boxOffice, prefs]
00:42:02.730 [Worker-27] DEBUG o.a.p.ModelValidator:62 - Validating with AfterViewsHandler: [public void onCreate() ]
00:42:02.732 [Worker-27] INFO  o.a.p.ModelProcessor:73 - Processing root elements
00:42:02.733 [Worker-27] DEBUG o.a.p.ModelProcessor:80 - Processing root elements EActivityHandler: [ie.simo.movies.activities.StartActivity]
00:42:02.739 [Worker-27] INFO  o.a.p.ModelProcessor:104 - Processing enclosed elements
00:42:02.742 [Worker-27] INFO  o.a.AndroidAnnotationProcessor:251 - Number of files generated by AndroidAnnotations: 1
00:42:02.743 [Worker-27] INFO  o.a.g.ApiCodeGenerator:52 - Writting following API classes in project: []
00:42:02.745 [Worker-27] DEBUG o.a.g.SourceCodewriter:55 - Generating class: ie.simo.movies.activities.StartActivity_
00:42:03.53 [Worker-27] INFO  o.a.p.TimeStats:81 - Time measurements: [Whole Processing = 828 ms], [Extract Manifest = 466 ms], [Generate Sources = 311 ms], [Find R Classes = 13 ms], [Validate Annotations = 13 ms], [Extract Annotations = 12 ms], [Process Annotations = 10 ms], 
00:42:03.54 [Worker-27] INFO  o.a.AndroidAnnotationProcessor:123 - Finish processing
00:43:49.397 [Worker-27] INFO  o.a.AndroidAnnotationProcessor:85 - Initialize AndroidAnnotations 3.0.1 with options {phase=BUILD}
00:43:49.400 [Worker-27] INFO  o.a.AndroidAnnotationProcessor:109 - Start processing for 3 annotations on 2 elements
00:43:49.413 [Worker-27] DEBUG o.a.h.AndroidManifestFinder:137 - AndroidManifest.xml file found in parent folder C:\Users\Niamh\git\Movie-Manager: C:\Users\Niamh\git\Movie-Manager\AndroidManifest.xml
00:43:49.462 [Worker-27] INFO  o.a.AndroidAnnotationProcessor:172 - AndroidManifest.xml found: AndroidManifest [applicationPackage=ie.simo.movies, componentQualifiedNames=[ie.simo.movies.activities.StartActivity_, ie.simo.movies.activities.Production, ie.simo.movies.activities.Preferences, ie.simo.movies.activities.MakeFilmActivity, ie.simo.movies.activities.GetDirector, ie.simo.movies.activities.AllTimeBoxOffice, ie.simo.movies.activities.OwnFilmActivity, ie.simo.movies.activities.PitchFilm, ie.simo.movies.activities.Result, ie.simo.movies.activities.GetActor_, ie.simo.movies.activities.SetContent, ie.simo.movies.activities.BoxOffice, ie.simo.movies.activities.PersonalBest, ie.simo.movies.activities.ContinueGameActivity, ie.simo.movies.activities.SpecialEffects, ie.simo.movies.activities.PlotSummary, ie.simo.movies.activities.OscarsActivity], permissionQualifiedNames=[], applicationClassName=null, libraryProject=false, debugabble=false, minSdkVersion=7, maxSdkVersion=-1, targetSdkVersion=12]
00:43:49.464 [Worker-27] INFO  o.a.r.ProjectRClassFinder:50 - Found project R class: ie.simo.movies.R
00:43:49.467 [Worker-27] INFO  o.a.r.AndroidRClassFinder:44 - Found Android class: android.R
00:43:49.474 [Worker-27] INFO  o.a.p.ModelValidator:42 - Validating elements
00:43:49.476 [Worker-27] DEBUG o.a.p.ModelValidator:62 - Validating with EActivityHandler: [ie.simo.movies.activities.StartActivity]
00:43:49.477 [Worker-27] DEBUG o.a.p.ModelValidator:62 - Validating with ViewByIdHandler: [newGame, prefs, boxOffice, continueGame, howToPlay, credits]
00:43:49.482 [Worker-27] DEBUG o.a.p.ModelValidator:62 - Validating with AfterViewsHandler: [public void onCreate() ]
00:43:49.484 [Worker-27] INFO  o.a.p.ModelProcessor:73 - Processing root elements
00:43:49.485 [Worker-27] DEBUG o.a.p.ModelProcessor:80 - Processing root elements EActivityHandler: [ie.simo.movies.activities.StartActivity]
00:43:49.491 [Worker-27] INFO  o.a.p.ModelProcessor:104 - Processing enclosed elements
00:43:49.494 [Worker-27] INFO  o.a.AndroidAnnotationProcessor:251 - Number of files generated by AndroidAnnotations: 1
00:43:49.495 [Worker-27] INFO  o.a.g.ApiCodeGenerator:52 - Writting following API classes in project: []
00:43:49.497 [Worker-27] DEBUG o.a.g.SourceCodewriter:55 - Generating class: ie.simo.movies.activities.StartActivity_
00:43:49.574 [Worker-27] INFO  o.a.p.TimeStats:81 - Time measurements: [Whole Processing = 174 ms], [Generate Sources = 80 ms], [Extract Manifest = 50 ms], [Extract Annotations = 11 ms], [Find R Classes = 10 ms], [Validate Annotations = 10 ms], [Process Annotations = 10 ms], 
00:43:49.575 [Worker-27] INFO  o.a.AndroidAnnotationProcessor:123 - Finish processing
00:44:03.169 [Worker-27] INFO  o.a.AndroidAnnotationProcessor:85 - Initialize AndroidAnnotations 3.0.1 with options {phase=BUILD}
00:44:03.171 [Worker-27] INFO  o.a.AndroidAnnotationProcessor:109 - Start processing for 3 annotations on 2 elements
00:44:03.298 [Worker-27] DEBUG o.a.h.AndroidManifestFinder:137 - AndroidManifest.xml file found in parent folder C:\Users\Niamh\git\Movie-Manager: C:\Users\Niamh\git\Movie-Manager\AndroidManifest.xml
00:44:03.311 [Worker-27] INFO  o.a.AndroidAnnotationProcessor:172 - AndroidManifest.xml found: AndroidManifest [applicationPackage=ie.simo.movies, componentQualifiedNames=[ie.simo.movies.activities.StartActivity_, ie.simo.movies.activities.Production, ie.simo.movies.activities.Preferences, ie.simo.movies.activities.MakeFilmActivity, ie.simo.movies.activities.GetDirector, ie.simo.movies.activities.AllTimeBoxOffice, ie.simo.movies.activities.OwnFilmActivity, ie.simo.movies.activities.PitchFilm, ie.simo.movies.activities.Result, ie.simo.movies.activities.GetActor_, ie.simo.movies.activities.SetContent, ie.simo.movies.activities.BoxOffice, ie.simo.movies.activities.PersonalBest, ie.simo.movies.activities.ContinueGameActivity, ie.simo.movies.activities.SpecialEffects, ie.simo.movies.activities.PlotSummary, ie.simo.movies.activities.OscarsActivity], permissionQualifiedNames=[], applicationClassName=null, libraryProject=false, debugabble=false, minSdkVersion=7, maxSdkVersion=-1, targetSdkVersion=12]
00:44:03.313 [Worker-27] INFO  o.a.r.ProjectRClassFinder:50 - Found project R class: ie.simo.movies.R
00:44:03.316 [Worker-27] INFO  o.a.r.AndroidRClassFinder:44 - Found Android class: android.R
00:44:03.323 [Worker-27] INFO  o.a.p.ModelValidator:42 - Validating elements
00:44:03.324 [Worker-27] DEBUG o.a.p.ModelValidator:62 - Validating with EActivityHandler: [ie.simo.movies.activities.StartActivity]
00:44:03.326 [Worker-27] DEBUG o.a.p.ModelValidator:62 - Validating with ViewByIdHandler: [howToPlay, newGame, continueGame, prefs, boxOffice, credits]
00:44:04.201 [Worker-27] DEBUG o.a.p.ModelValidator:62 - Validating with AfterViewsHandler: [public void onCreate() ]
00:44:04.203 [Worker-27] INFO  o.a.p.ModelProcessor:73 - Processing root elements
00:44:04.205 [Worker-27] DEBUG o.a.p.ModelProcessor:80 - Processing root elements EActivityHandler: [ie.simo.movies.activities.StartActivity]
00:44:04.211 [Worker-27] INFO  o.a.p.ModelProcessor:104 - Processing enclosed elements
00:44:04.213 [Worker-27] INFO  o.a.AndroidAnnotationProcessor:251 - Number of files generated by AndroidAnnotations: 1
00:44:04.217 [Worker-27] INFO  o.a.g.ApiCodeGenerator:52 - Writting following API classes in project: []
00:44:04.218 [Worker-27] DEBUG o.a.g.SourceCodewriter:55 - Generating class: ie.simo.movies.activities.StartActivity_
00:44:04.301 [Worker-27] INFO  o.a.p.TimeStats:81 - Time measurements: [Whole Processing = 1130 ms], [Validate Annotations = 880 ms], [Extract Annotations = 125 ms], [Generate Sources = 88 ms], [Extract Manifest = 13 ms], [Find R Classes = 10 ms], [Process Annotations = 10 ms], 
00:44:04.303 [Worker-27] INFO  o.a.AndroidAnnotationProcessor:123 - Finish processing
00:44:34.107 [Worker-29] INFO  o.a.AndroidAnnotationProcessor:85 - Initialize AndroidAnnotations 3.0.1 with options {phase=BUILD}
00:44:34.110 [Worker-29] INFO  o.a.AndroidAnnotationProcessor:109 - Start processing for 4 annotations on 2 elements
00:44:34.122 [Worker-29] DEBUG o.a.h.AndroidManifestFinder:137 - AndroidManifest.xml file found in parent folder C:\Users\Niamh\git\Movie-Manager: C:\Users\Niamh\git\Movie-Manager\AndroidManifest.xml
00:44:34.215 [Worker-29] INFO  o.a.AndroidAnnotationProcessor:172 - AndroidManifest.xml found: AndroidManifest [applicationPackage=ie.simo.movies, componentQualifiedNames=[ie.simo.movies.activities.StartActivity_, ie.simo.movies.activities.Production, ie.simo.movies.activities.Preferences, ie.simo.movies.activities.MakeFilmActivity, ie.simo.movies.activities.GetDirector, ie.simo.movies.activities.AllTimeBoxOffice, ie.simo.movies.activities.OwnFilmActivity, ie.simo.movies.activities.PitchFilm, ie.simo.movies.activities.Result, ie.simo.movies.activities.GetActor_, ie.simo.movies.activities.SetContent, ie.simo.movies.activities.BoxOffice, ie.simo.movies.activities.PersonalBest, ie.simo.movies.activities.ContinueGameActivity, ie.simo.movies.activities.SpecialEffects, ie.simo.movies.activities.PlotSummary, ie.simo.movies.activities.OscarsActivity], permissionQualifiedNames=[], applicationClassName=null, libraryProject=false, debugabble=false, minSdkVersion=7, maxSdkVersion=-1, targetSdkVersion=12]
00:44:34.217 [Worker-29] INFO  o.a.r.ProjectRClassFinder:50 - Found project R class: ie.simo.movies.R
00:44:34.220 [Worker-29] INFO  o.a.r.AndroidRClassFinder:44 - Found Android class: android.R
00:44:34.227 [Worker-29] INFO  o.a.p.ModelValidator:42 - Validating elements
00:44:34.229 [Worker-29] DEBUG o.a.p.ModelValidator:62 - Validating with EActivityHandler: [ie.simo.movies.activities.StartActivity]
00:44:34.231 [Worker-29] DEBUG o.a.p.ModelValidator:62 - Validating with ViewByIdHandler: [credits, howToPlay, prefs, continueGame, newGame, boxOffice]
00:44:34.235 [Worker-29] DEBUG o.a.p.ModelValidator:62 - Validating with ClickHandler: [protected void newGameClick() , protected void continueClick() ]
00:44:34.238 [Worker-29] DEBUG o.a.p.ModelValidator:62 - Validating with AfterViewsHandler: [public void onCreate() ]
00:44:34.240 [Worker-29] INFO  o.a.p.ModelProcessor:73 - Processing root elements
00:44:34.241 [Worker-29] DEBUG o.a.p.ModelProcessor:80 - Processing root elements EActivityHandler: [ie.simo.movies.activities.StartActivity]
00:44:34.247 [Worker-29] INFO  o.a.p.ModelProcessor:104 - Processing enclosed elements
00:44:34.250 [Worker-29] INFO  o.a.AndroidAnnotationProcessor:251 - Number of files generated by AndroidAnnotations: 1
00:44:34.252 [Worker-29] INFO  o.a.g.ApiCodeGenerator:52 - Writting following API classes in project: []
00:44:34.253 [Worker-29] DEBUG o.a.g.SourceCodewriter:55 - Generating class: ie.simo.movies.activities.StartActivity_
00:44:34.382 [Worker-29] INFO  o.a.p.TimeStats:81 - Time measurements: [Whole Processing = 272 ms], [Generate Sources = 133 ms], [Extract Manifest = 93 ms], [Validate Annotations = 12 ms], [Extract Annotations = 11 ms], [Find R Classes = 10 ms], [Process Annotations = 10 ms], 
00:44:34.383 [Worker-29] INFO  o.a.AndroidAnnotationProcessor:123 - Finish processing
00:50:57.667 [Worker-27] INFO  o.a.AndroidAnnotationProcessor:85 - Initialize AndroidAnnotations 3.0.1 with options {phase=BUILD}
00:50:57.748 [Worker-27] INFO  o.a.AndroidAnnotationProcessor:109 - Start processing for 4 annotations on 2 elements
00:50:57.815 [Worker-27] DEBUG o.a.h.AndroidManifestFinder:137 - AndroidManifest.xml file found in parent folder C:\Users\Niamh\git\Movie-Manager: C:\Users\Niamh\git\Movie-Manager\AndroidManifest.xml
00:50:57.828 [Worker-27] INFO  o.a.AndroidAnnotationProcessor:172 - AndroidManifest.xml found: AndroidManifest [applicationPackage=ie.simo.movies, componentQualifiedNames=[ie.simo.movies.activities.StartActivity_, ie.simo.movies.activities.Production, ie.simo.movies.activities.Preferences, ie.simo.movies.activities.MakeFilmActivity, ie.simo.movies.activities.GetDirector, ie.simo.movies.activities.AllTimeBoxOffice, ie.simo.movies.activities.OwnFilmActivity, ie.simo.movies.activities.PitchFilm, ie.simo.movies.activities.Result, ie.simo.movies.activities.GetActor_, ie.simo.movies.activities.SetContent, ie.simo.movies.activities.BoxOffice, ie.simo.movies.activities.PersonalBest, ie.simo.movies.activities.ContinueGameActivity, ie.simo.movies.activities.SpecialEffects, ie.simo.movies.activities.PlotSummary, ie.simo.movies.activities.OscarsActivity], permissionQualifiedNames=[], applicationClassName=null, libraryProject=false, debugabble=false, minSdkVersion=7, maxSdkVersion=-1, targetSdkVersion=12]
00:50:57.830 [Worker-27] INFO  o.a.r.ProjectRClassFinder:50 - Found project R class: ie.simo.movies.R
00:50:57.835 [Worker-27] INFO  o.a.r.AndroidRClassFinder:44 - Found Android class: android.R
00:50:57.841 [Worker-27] INFO  o.a.p.ModelValidator:42 - Validating elements
00:50:57.843 [Worker-27] DEBUG o.a.p.ModelValidator:62 - Validating with EActivityHandler: [ie.simo.movies.activities.StartActivity]
00:50:57.844 [Worker-27] DEBUG o.a.p.ModelValidator:62 - Validating with ViewByIdHandler: [continueGame, howToPlay, credits, newGame, boxOffice, prefs]
00:50:57.848 [Worker-27] DEBUG o.a.p.ModelValidator:62 - Validating with ClickHandler: [protected void boxOfficeClick() , protected void prefsClick() , protected void continueClick() , protected void newGameClick() , protected void creditsClick() , protected void howToPlayClick() ]
00:50:57.952 [Worker-27] ERROR o.a.h.AnnotationHelper:110 - Resource name not found in R.id: creditsClick
00:50:57.953 [Worker-27] WARN  o.a.p.ModelValidator:69 - Element ClickHandler unvalidated by 
00:50:57.954 [Worker-27] DEBUG o.a.p.ModelValidator:62 - Validating with AfterViewsHandler: [public void onCreate() ]
00:50:57.956 [Worker-27] INFO  o.a.p.ModelProcessor:73 - Processing root elements
00:50:57.957 [Worker-27] DEBUG o.a.p.ModelProcessor:80 - Processing root elements EActivityHandler: [ie.simo.movies.activities.StartActivity]
00:50:58.52 [Worker-27] INFO  o.a.p.ModelProcessor:104 - Processing enclosed elements
00:50:58.55 [Worker-27] INFO  o.a.AndroidAnnotationProcessor:251 - Number of files generated by AndroidAnnotations: 1
00:50:58.56 [Worker-27] INFO  o.a.g.ApiCodeGenerator:52 - Writting following API classes in project: []
00:50:58.58 [Worker-27] DEBUG o.a.g.SourceCodewriter:55 - Generating class: ie.simo.movies.activities.StartActivity_
00:50:58.79 [Worker-27] INFO  o.a.p.TimeStats:81 - Time measurements: [Whole Processing = 331 ms], [Validate Annotations = 114 ms], [Process Annotations = 99 ms], [Extract Annotations = 64 ms], [Generate Sources = 24 ms], [Extract Manifest = 14 ms], [Find R Classes = 11 ms], 
00:50:58.80 [Worker-27] INFO  o.a.AndroidAnnotationProcessor:123 - Finish processing
00:51:21.463 [Worker-24] INFO  o.a.AndroidAnnotationProcessor:85 - Initialize AndroidAnnotations 3.0.1 with options {phase=BUILD}
00:51:21.466 [Worker-24] INFO  o.a.AndroidAnnotationProcessor:109 - Start processing for 4 annotations on 2 elements
00:51:21.482 [Worker-24] DEBUG o.a.h.AndroidManifestFinder:137 - AndroidManifest.xml file found in parent folder C:\Users\Niamh\git\Movie-Manager: C:\Users\Niamh\git\Movie-Manager\AndroidManifest.xml
00:51:21.495 [Worker-24] INFO  o.a.AndroidAnnotationProcessor:172 - AndroidManifest.xml found: AndroidManifest [applicationPackage=ie.simo.movies, componentQualifiedNames=[ie.simo.movies.activities.StartActivity_, ie.simo.movies.activities.Production, ie.simo.movies.activities.Preferences, ie.simo.movies.activities.MakeFilmActivity, ie.simo.movies.activities.GetDirector, ie.simo.movies.activities.AllTimeBoxOffice, ie.simo.movies.activities.OwnFilmActivity, ie.simo.movies.activities.PitchFilm, ie.simo.movies.activities.Result, ie.simo.movies.activities.GetActor_, ie.simo.movies.activities.SetContent, ie.simo.movies.activities.BoxOffice, ie.simo.movies.activities.PersonalBest, ie.simo.movies.activities.ContinueGameActivity, ie.simo.movies.activities.SpecialEffects, ie.simo.movies.activities.PlotSummary, ie.simo.movies.activities.OscarsActivity], permissionQualifiedNames=[], applicationClassName=null, libraryProject=false, debugabble=false, minSdkVersion=7, maxSdkVersion=-1, targetSdkVersion=12]
00:51:21.497 [Worker-24] INFO  o.a.r.ProjectRClassFinder:50 - Found project R class: ie.simo.movies.R
00:51:21.501 [Worker-24] INFO  o.a.r.AndroidRClassFinder:44 - Found Android class: android.R
00:51:21.508 [Worker-24] INFO  o.a.p.ModelValidator:42 - Validating elements
00:51:21.509 [Worker-24] DEBUG o.a.p.ModelValidator:62 - Validating with EActivityHandler: [ie.simo.movies.activities.StartActivity]
00:51:21.511 [Worker-24] DEBUG o.a.p.ModelValidator:62 - Validating with ViewByIdHandler: [newGame, boxOffice, prefs, continueGame, credits, howToPlay]
00:51:21.515 [Worker-24] DEBUG o.a.p.ModelValidator:62 - Validating with ClickHandler: [protected void continueClick() , protected void creditsClick() , protected void howToPlayClick() , protected void newGameClick() , protected void boxOfficeClick() , protected void prefsClick() ]
00:51:21.519 [Worker-24] DEBUG o.a.p.ModelValidator:62 - Validating with AfterViewsHandler: [public void onCreate() ]
00:51:21.521 [Worker-24] INFO  o.a.p.ModelProcessor:73 - Processing root elements
00:51:21.523 [Worker-24] DEBUG o.a.p.ModelProcessor:80 - Processing root elements EActivityHandler: [ie.simo.movies.activities.StartActivity]
00:51:21.528 [Worker-24] INFO  o.a.p.ModelProcessor:104 - Processing enclosed elements
00:51:21.533 [Worker-24] INFO  o.a.AndroidAnnotationProcessor:251 - Number of files generated by AndroidAnnotations: 1
00:51:21.535 [Worker-24] INFO  o.a.g.ApiCodeGenerator:52 - Writting following API classes in project: []
00:51:21.537 [Worker-24] DEBUG o.a.g.SourceCodewriter:55 - Generating class: ie.simo.movies.activities.StartActivity_
00:51:21.587 [Worker-24] INFO  o.a.p.TimeStats:81 - Time measurements: [Whole Processing = 121 ms], [Generate Sources = 54 ms], [Extract Manifest = 14 ms], [Extract Annotations = 13 ms], [Validate Annotations = 13 ms], [Process Annotations = 12 ms], [Find R Classes = 10 ms], 
00:51:21.588 [Worker-24] INFO  o.a.AndroidAnnotationProcessor:123 - Finish processing
00:52:26.232 [Worker-28] INFO  o.a.AndroidAnnotationProcessor:85 - Initialize AndroidAnnotations 3.0.1 with options {phase=BUILD}
00:52:26.235 [Worker-28] INFO  o.a.AndroidAnnotationProcessor:109 - Start processing for 4 annotations on 2 elements
00:52:26.254 [Worker-28] DEBUG o.a.h.AndroidManifestFinder:137 - AndroidManifest.xml file found in parent folder C:\Users\Niamh\git\Movie-Manager: C:\Users\Niamh\git\Movie-Manager\AndroidManifest.xml
00:52:26.269 [Worker-28] INFO  o.a.AndroidAnnotationProcessor:172 - AndroidManifest.xml found: AndroidManifest [applicationPackage=ie.simo.movies, componentQualifiedNames=[ie.simo.movies.activities.StartActivity_, ie.simo.movies.activities.Production, ie.simo.movies.activities.Preferences, ie.simo.movies.activities.MakeFilmActivity, ie.simo.movies.activities.GetDirector, ie.simo.movies.activities.AllTimeBoxOffice, ie.simo.movies.activities.OwnFilmActivity, ie.simo.movies.activities.PitchFilm, ie.simo.movies.activities.Result, ie.simo.movies.activities.GetActor_, ie.simo.movies.activities.SetContent, ie.simo.movies.activities.BoxOffice, ie.simo.movies.activities.PersonalBest, ie.simo.movies.activities.ContinueGameActivity, ie.simo.movies.activities.SpecialEffects, ie.simo.movies.activities.PlotSummary, ie.simo.movies.activities.OscarsActivity], permissionQualifiedNames=[], applicationClassName=null, libraryProject=false, debugabble=false, minSdkVersion=7, maxSdkVersion=-1, targetSdkVersion=12]
00:52:26.271 [Worker-28] INFO  o.a.r.ProjectRClassFinder:50 - Found project R class: ie.simo.movies.R
00:52:26.275 [Worker-28] INFO  o.a.r.AndroidRClassFinder:44 - Found Android class: android.R
00:52:26.282 [Worker-28] INFO  o.a.p.ModelValidator:42 - Validating elements
00:52:26.285 [Worker-28] DEBUG o.a.p.ModelValidator:62 - Validating with EActivityHandler: [ie.simo.movies.activities.StartActivity]
00:52:26.287 [Worker-28] DEBUG o.a.p.ModelValidator:62 - Validating with ViewByIdHandler: [credits, newGame, prefs, continueGame, howToPlay, boxOffice]
00:52:26.290 [Worker-28] DEBUG o.a.p.ModelValidator:62 - Validating with ClickHandler: [protected void prefsClick() , protected void boxOfficeClick() , protected void continueClick() , protected void creditsClick() , protected void howToPlayClick() , protected void newGameClick() ]
00:52:26.295 [Worker-28] DEBUG o.a.p.ModelValidator:62 - Validating with AfterViewsHandler: [public void onCreate() ]
00:52:26.298 [Worker-28] INFO  o.a.p.ModelProcessor:73 - Processing root elements
00:52:26.299 [Worker-28] DEBUG o.a.p.ModelProcessor:80 - Processing root elements EActivityHandler: [ie.simo.movies.activities.StartActivity]
00:52:26.304 [Worker-28] INFO  o.a.p.ModelProcessor:104 - Processing enclosed elements
00:52:26.307 [Worker-28] INFO  o.a.AndroidAnnotationProcessor:251 - Number of files generated by AndroidAnnotations: 1
00:52:26.310 [Worker-28] INFO  o.a.g.ApiCodeGenerator:52 - Writting following API classes in project: []
00:52:26.311 [Worker-28] DEBUG o.a.g.SourceCodewriter:55 - Generating class: ie.simo.movies.activities.StartActivity_
00:52:26.336 [Worker-28] INFO  o.a.p.TimeStats:81 - Time measurements: [Whole Processing = 101 ms], [Generate Sources = 29 ms], [Extract Annotations = 18 ms], [Validate Annotations = 16 ms], [Extract Manifest = 15 ms], [Find R Classes = 11 ms], [Process Annotations = 9 ms], 
00:52:26.337 [Worker-28] INFO  o.a.AndroidAnnotationProcessor:123 - Finish processing
00:52:37.597 [Worker-29] INFO  o.a.AndroidAnnotationProcessor:85 - Initialize AndroidAnnotations 3.0.1 with options {phase=BUILD}
00:52:37.600 [Worker-29] INFO  o.a.AndroidAnnotationProcessor:109 - Start processing for 4 annotations on 1 elements
00:52:37.612 [Worker-29] DEBUG o.a.h.AndroidManifestFinder:137 - AndroidManifest.xml file found in parent folder C:\Users\Niamh\git\Movie-Manager: C:\Users\Niamh\git\Movie-Manager\AndroidManifest.xml
00:52:37.653 [Worker-29] INFO  o.a.AndroidAnnotationProcessor:172 - AndroidManifest.xml found: AndroidManifest [applicationPackage=ie.simo.movies, componentQualifiedNames=[ie.simo.movies.activities.StartActivity_, ie.simo.movies.activities.Production, ie.simo.movies.activities.Preferences, ie.simo.movies.activities.MakeFilmActivity, ie.simo.movies.activities.GetDirector, ie.simo.movies.activities.AllTimeBoxOffice, ie.simo.movies.activities.OwnFilmActivity, ie.simo.movies.activities.PitchFilm, ie.simo.movies.activities.Result, ie.simo.movies.activities.GetActor_, ie.simo.movies.activities.SetContent, ie.simo.movies.activities.BoxOffice, ie.simo.movies.activities.PersonalBest, ie.simo.movies.activities.ContinueGameActivity, ie.simo.movies.activities.SpecialEffects, ie.simo.movies.activities.PlotSummary, ie.simo.movies.activities.OscarsActivity], permissionQualifiedNames=[], applicationClassName=null, libraryProject=false, debugabble=false, minSdkVersion=7, maxSdkVersion=-1, targetSdkVersion=12]
00:52:37.654 [Worker-29] INFO  o.a.r.ProjectRClassFinder:50 - Found project R class: ie.simo.movies.R
00:52:37.660 [Worker-29] INFO  o.a.r.AndroidRClassFinder:44 - Found Android class: android.R
00:52:37.668 [Worker-29] INFO  o.a.p.ModelValidator:42 - Validating elements
00:52:37.670 [Worker-29] DEBUG o.a.p.ModelValidator:62 - Validating with EActivityHandler: [ie.simo.movies.activities.StartActivity]
00:52:37.672 [Worker-29] DEBUG o.a.p.ModelValidator:62 - Validating with ViewByIdHandler: [newGame, prefs, continueGame, boxOffice, credits, howToPlay]
00:52:37.675 [Worker-29] DEBUG o.a.p.ModelValidator:62 - Validating with ClickHandler: [protected void boxOfficeClick() , protected void howToPlayClick() , protected void creditsClick() , protected void newGameClick() , protected void continueClick() , protected void prefsClick() ]
00:52:37.679 [Worker-29] DEBUG o.a.p.ModelValidator:62 - Validating with AfterViewsHandler: [public void onCreate() ]
00:52:37.681 [Worker-29] INFO  o.a.p.ModelProcessor:73 - Processing root elements
00:52:37.683 [Worker-29] DEBUG o.a.p.ModelProcessor:80 - Processing root elements EActivityHandler: [ie.simo.movies.activities.StartActivity]
00:52:37.872 [Worker-29] INFO  o.a.p.ModelProcessor:104 - Processing enclosed elements
00:52:37.876 [Worker-29] INFO  o.a.AndroidAnnotationProcessor:251 - Number of files generated by AndroidAnnotations: 1
00:52:37.877 [Worker-29] INFO  o.a.g.ApiCodeGenerator:52 - Writting following API classes in project: []
00:52:37.879 [Worker-29] DEBUG o.a.g.SourceCodewriter:55 - Generating class: ie.simo.movies.activities.StartActivity_
00:52:37.994 [Worker-29] INFO  o.a.p.TimeStats:81 - Time measurements: [Whole Processing = 394 ms], [Process Annotations = 195 ms], [Generate Sources = 118 ms], [Extract Manifest = 41 ms], [Find R Classes = 14 ms], [Validate Annotations = 13 ms], [Extract Annotations = 11 ms], 
00:52:37.996 [Worker-29] INFO  o.a.AndroidAnnotationProcessor:123 - Finish processing
00:56:38.243 [Worker-24] INFO  o.a.AndroidAnnotationProcessor:85 - Initialize AndroidAnnotations 3.0.1 with options {phase=BUILD}
00:57:05.871 [Worker-28] INFO  o.a.AndroidAnnotationProcessor:85 - Initialize AndroidAnnotations 3.0.1 with options {phase=BUILD}
00:59:24.744 [Worker-23] INFO  o.a.AndroidAnnotationProcessor:85 - Initialize AndroidAnnotations 3.0.1 with options {phase=BUILD}
00:59:24.747 [Worker-23] INFO  o.a.AndroidAnnotationProcessor:109 - Start processing for 4 annotations on 106 elements
00:59:24.831 [Worker-23] DEBUG o.a.h.AndroidManifestFinder:137 - AndroidManifest.xml file found in parent folder C:\Users\Niamh\git\Movie-Manager: C:\Users\Niamh\git\Movie-Manager\AndroidManifest.xml
00:59:24.840 [Worker-23] INFO  o.a.AndroidAnnotationProcessor:172 - AndroidManifest.xml found: AndroidManifest [applicationPackage=ie.simo.movies, componentQualifiedNames=[ie.simo.movies.activities.StartActivity_, ie.simo.movies.activities.Production, ie.simo.movies.activities.Preferences, ie.simo.movies.activities.MakeFilmActivity, ie.simo.movies.activities.GetDirector, ie.simo.movies.activities.AllTimeBoxOffice, ie.simo.movies.activities.OwnFilmActivity, ie.simo.movies.activities.PitchFilm, ie.simo.movies.activities.Result, ie.simo.movies.activities.GetActor_, ie.simo.movies.activities.SetContent, ie.simo.movies.activities.BoxOffice, ie.simo.movies.activities.PersonalBest, ie.simo.movies.activities.ContinueGameActivity, ie.simo.movies.activities.SpecialEffects, ie.simo.movies.activities.PlotSummary, ie.simo.movies.activities.OscarsActivity], permissionQualifiedNames=[], applicationClassName=null, libraryProject=false, debugabble=false, minSdkVersion=14, maxSdkVersion=-1, targetSdkVersion=19]
00:59:24.842 [Worker-23] INFO  o.a.r.ProjectRClassFinder:50 - Found project R class: ie.simo.movies.R
00:59:24.846 [Worker-23] INFO  o.a.r.AndroidRClassFinder:44 - Found Android class: android.R
00:59:24.854 [Worker-23] INFO  o.a.p.ModelValidator:42 - Validating elements
00:59:24.856 [Worker-23] DEBUG o.a.p.ModelValidator:62 - Validating with EActivityHandler: [ie.simo.movies.activities.StartActivity, ie.simo.movies.activities.GetActor]
00:59:24.858 [Worker-23] DEBUG o.a.p.ModelValidator:62 - Validating with ViewByIdHandler: [howToPlay, boxOffice, credits, prefs, addActor, newGame, produceFilm, continueGame, price, budgetView, view, chosen, compName, spinner]
00:59:24.865 [Worker-23] DEBUG o.a.p.ModelValidator:62 - Validating with ClickHandler: [protected void clickListener() , protected void prefsClick() , public void produceFilm() , protected void boxOfficeClick() , protected void howToPlayClick() , protected void newGameClick() , protected void continueClick() , protected void creditsClick() ]
00:59:24.872 [Worker-23] DEBUG o.a.p.ModelValidator:62 - Validating with AfterViewsHandler: [public void onCreate() , public void onCreate() ]
00:59:24.875 [Worker-23] INFO  o.a.p.ModelProcessor:73 - Processing root elements
00:59:24.877 [Worker-23] DEBUG o.a.p.ModelProcessor:80 - Processing root elements EActivityHandler: [ie.simo.movies.activities.StartActivity, ie.simo.movies.activities.GetActor]
00:59:24.981 [Worker-23] INFO  o.a.p.ModelProcessor:104 - Processing enclosed elements
00:59:24.987 [Worker-23] INFO  o.a.AndroidAnnotationProcessor:251 - Number of files generated by AndroidAnnotations: 2
00:59:24.989 [Worker-23] INFO  o.a.g.ApiCodeGenerator:52 - Writting following API classes in project: []
00:59:24.990 [Worker-23] DEBUG o.a.g.SourceCodewriter:55 - Generating class: ie.simo.movies.activities.GetActor_
00:59:25.9 [Worker-23] DEBUG o.a.g.SourceCodewriter:55 - Generating class: ie.simo.movies.activities.StartActivity_
00:59:25.22 [Worker-23] INFO  o.a.p.TimeStats:81 - Time measurements: [Whole Processing = 275 ms], [Process Annotations = 113 ms], [Extract Annotations = 82 ms], [Generate Sources = 35 ms], [Validate Annotations = 20 ms], [Find R Classes = 12 ms], [Extract Manifest = 9 ms], 
00:59:25.24 [Worker-23] INFO  o.a.AndroidAnnotationProcessor:123 - Finish processing
